Jan 11, 2018 11:38:01 AM edu.wpi.grip.core.util.service.LoggingListener starting
INFO: [PipelineRunner] Starting
Jan 11, 2018 11:38:30 AM edu.wpi.grip.core.events.EventLogger eventPosted
WARNING: Event on thread 'JavaFX Application Thread': WarningEvent{header=Cannot generate code, body=There are no sources in the pipeline}
Jan 11, 2018 11:42:02 AM edu.wpi.grip.core.util.service.LoggingListener terminated
INFO: [PipelineRunner] Terminated from: STOPPING
Jan 11, 2018 11:42:02 AM edu.wpi.grip.core.events.EventLogger eventPosted
INFO: Event on thread 'Project Open Thread': SourceAddedEvent{source=ImageFileSource{name=kevin2}}
Jan 11, 2018 11:42:03 AM edu.wpi.grip.core.events.EventLogger eventPosted
INFO: Event on thread 'Project Open Thread': StepAddedEvent{step=Step{operation=HSV Threshold}, index=OptionalInt[0]}
Jan 11, 2018 11:42:03 AM edu.wpi.grip.core.events.EventLogger eventPosted
INFO: Event on thread 'Project Open Thread': StepAddedEvent{step=Step{operation=Find Contours}, index=OptionalInt[1]}
Jan 11, 2018 11:42:04 AM edu.wpi.grip.core.events.EventLogger eventPosted
INFO: Event on thread 'Project Open Thread': StepAddedEvent{step=Step{operation=Filter Contours}, index=OptionalInt[2]}
Jan 11, 2018 11:42:04 AM edu.wpi.grip.core.events.EventLogger eventPosted
INFO: Event on thread 'Project Open Thread': StepAddedEvent{step=Step{operation=NTPublish ContoursReport}, index=OptionalInt[3]}
Jan 11, 2018 11:42:04 AM edu.wpi.grip.core.events.EventLogger eventPosted
INFO: Event on thread 'Project Open Thread': StepAddedEvent{step=Step{operation=Find Blobs}, index=OptionalInt[4]}
Jan 11, 2018 11:42:04 AM edu.wpi.grip.core.events.EventLogger eventPosted
INFO: Event on thread 'Project Open Thread': StepAddedEvent{step=Step{operation=NTPublish BlobsReport}, index=OptionalInt[5]}
Jan 11, 2018 11:42:05 AM edu.wpi.grip.core.events.EventLogger eventPosted
INFO: Event on thread 'Project Open Thread': ConnectionAddedEvent{connection=Connection{src=Source/kevin2/Image, dst=Step/HSV Threshold/Input}}
Jan 11, 2018 11:42:05 AM edu.wpi.grip.core.events.EventLogger eventPosted
INFO: Event on thread 'Project Open Thread': ConnectionAddedEvent{connection=Connection{src=Step/Find Blobs/Blobs, dst=Step/NTPublish BlobsReport/Data}}
Jan 11, 2018 11:42:05 AM edu.wpi.grip.core.events.EventLogger eventPosted
INFO: Event on thread 'Project Open Thread': ConnectionAddedEvent{connection=Connection{src=Step/Filter Contours/Contours, dst=Step/NTPublish ContoursReport/Data}}
Jan 11, 2018 11:42:05 AM edu.wpi.grip.core.events.EventLogger eventPosted
INFO: Event on thread 'Project Open Thread': ConnectionAddedEvent{connection=Connection{src=Step/HSV Threshold/Output, dst=Step/Find Blobs/Input}}
Jan 11, 2018 11:42:05 AM edu.wpi.grip.core.events.EventLogger eventPosted
INFO: Event on thread 'Project Open Thread': ConnectionAddedEvent{connection=Connection{src=Step/Find Contours/Contours, dst=Step/Filter Contours/Contours}}
Jan 11, 2018 11:42:05 AM edu.wpi.grip.core.events.EventLogger eventPosted
INFO: Event on thread 'Project Open Thread': ConnectionAddedEvent{connection=Connection{src=Step/HSV Threshold/Output, dst=Step/Find Contours/Input}}
Jan 11, 2018 11:42:05 AM edu.wpi.grip.core.events.EventLogger eventPosted
INFO: Event on thread 'Project Open Thread': edu.wpi.grip.core.events.ProjectSettingsChangedEvent@5404b6de
Jan 11, 2018 11:42:05 AM edu.wpi.grip.core.events.EventLogger eventPosted
INFO: Event on thread 'Project Open Thread': edu.wpi.grip.core.events.CodeGenerationSettingsChangedEvent@6e7639f9
Jan 11, 2018 11:42:05 AM edu.wpi.grip.core.util.service.LoggingListener starting
INFO: [PipelineRunner] Starting
Jan 11, 2018 11:42:07 AM edu.wpi.grip.core.operations.network.networktables.NTManager lambda$new$0
SEVERE: NetworkTables: TCPConnector.cpp:94 could not resolve roboRIO-0-FRC.local address
Jan 11, 2018 11:42:10 AM edu.wpi.grip.core.operations.network.networktables.NTManager lambda$new$0
SEVERE: NetworkTables: TCPConnector.cpp:94 could not resolve roboRIO-0-FRC.local address
Jan 11, 2018 11:42:13 AM edu.wpi.grip.core.operations.network.networktables.NTManager lambda$new$0
SEVERE: NetworkTables: TCPConnector.cpp:94 could not resolve roboRIO-0-FRC.local address
Jan 11, 2018 11:42:15 AM edu.wpi.grip.core.operations.network.networktables.NTManager lambda$new$0
SEVERE: NetworkTables: TCPConnector.cpp:94 could not resolve roboRIO-0-FRC.local address
Jan 11, 2018 11:42:18 AM edu.wpi.grip.core.operations.network.networktables.NTManager lambda$new$0
SEVERE: NetworkTables: TCPConnector.cpp:94 could not resolve roboRIO-0-FRC.local address
Jan 11, 2018 11:42:20 AM edu.wpi.grip.core.operations.network.networktables.NTManager lambda$new$0
SEVERE: NetworkTables: TCPConnector.cpp:94 could not resolve roboRIO-0-FRC.local address
Jan 11, 2018 11:42:23 AM edu.wpi.grip.core.operations.network.networktables.NTManager lambda$new$0
SEVERE: NetworkTables: TCPConnector.cpp:94 could not resolve roboRIO-0-FRC.local address
Jan 11, 2018 11:42:26 AM edu.wpi.grip.core.operations.network.networktables.NTManager lambda$new$0
SEVERE: NetworkTables: TCPConnector.cpp:94 could not resolve roboRIO-0-FRC.local address
Jan 11, 2018 11:42:27 AM edu.wpi.grip.core.events.EventLogger eventPosted
INFO: Event on thread 'JavaFX Application Thread': edu.wpi.grip.core.events.CodeGenerationSettingsChangedEvent@41d1a16e
Jan 11, 2018 11:42:28 AM edu.wpi.grip.ui.codegeneration.Exporter generateCode
INFO: Generating Java code to C:\Users\bobcat177\GRIP\generatedcode\GripPipeline.java
Jan 11, 2018 11:42:28 AM edu.wpi.grip.core.operations.network.networktables.NTManager lambda$new$0
SEVERE: NetworkTables: TCPConnector.cpp:94 could not resolve roboRIO-0-FRC.local address
Jan 11, 2018 11:42:31 AM edu.wpi.grip.core.operations.network.networktables.NTManager lambda$new$0
SEVERE: NetworkTables: TCPConnector.cpp:94 could not resolve roboRIO-0-FRC.local address
Jan 11, 2018 11:42:33 AM edu.wpi.grip.core.operations.network.networktables.NTManager lambda$new$0
SEVERE: NetworkTables: TCPConnector.cpp:94 could not resolve roboRIO-0-FRC.local address
Jan 11, 2018 11:42:36 AM edu.wpi.grip.core.operations.network.networktables.NTManager lambda$new$0
SEVERE: NetworkTables: TCPConnector.cpp:94 could not resolve roboRIO-0-FRC.local address
Jan 11, 2018 11:42:39 AM edu.wpi.grip.core.operations.network.networktables.NTManager lambda$new$0
SEVERE: NetworkTables: TCPConnector.cpp:94 could not resolve roboRIO-0-FRC.local address
Jan 11, 2018 11:42:41 AM edu.wpi.grip.core.operations.network.networktables.NTManager lambda$new$0
SEVERE: NetworkTables: TCPConnector.cpp:94 could not resolve roboRIO-0-FRC.local address
Jan 11, 2018 11:42:44 AM edu.wpi.grip.core.operations.network.networktables.NTManager lambda$new$0
SEVERE: NetworkTables: TCPConnector.cpp:94 could not resolve roboRIO-0-FRC.local address
Jan 11, 2018 11:42:46 AM edu.wpi.grip.core.operations.network.networktables.NTManager lambda$new$0
SEVERE: NetworkTables: TCPConnector.cpp:94 could not resolve roboRIO-0-FRC.local address
Jan 11, 2018 11:42:49 AM edu.wpi.grip.core.operations.network.networktables.NTManager lambda$new$0
SEVERE: NetworkTables: TCPConnector.cpp:94 could not resolve roboRIO-0-FRC.local address
Jan 11, 2018 11:42:52 AM edu.wpi.grip.core.operations.network.networktables.NTManager lambda$new$0
SEVERE: NetworkTables: TCPConnector.cpp:94 could not resolve roboRIO-0-FRC.local address
Jan 11, 2018 11:42:54 AM edu.wpi.grip.core.operations.network.networktables.NTManager lambda$new$0
SEVERE: NetworkTables: TCPConnector.cpp:94 could not resolve roboRIO-0-FRC.local address
Jan 11, 2018 11:42:57 AM edu.wpi.grip.core.operations.network.networktables.NTManager lambda$new$0
SEVERE: NetworkTables: TCPConnector.cpp:94 could not resolve roboRIO-0-FRC.local address
Jan 11, 2018 11:42:59 AM edu.wpi.grip.core.operations.network.networktables.NTManager lambda$new$0
SEVERE: NetworkTables: TCPConnector.cpp:94 could not resolve roboRIO-0-FRC.local address
Jan 11, 2018 11:43:02 AM edu.wpi.grip.core.operations.network.networktables.NTManager lambda$new$0
SEVERE: NetworkTables: TCPConnector.cpp:94 could not resolve roboRIO-0-FRC.local address
Jan 11, 2018 11:43:05 AM edu.wpi.grip.core.operations.network.networktables.NTManager lambda$new$0
SEVERE: NetworkTables: TCPConnector.cpp:94 could not resolve roboRIO-0-FRC.local address
Jan 11, 2018 11:43:07 AM edu.wpi.grip.core.operations.network.networktables.NTManager lambda$new$0
SEVERE: NetworkTables: TCPConnector.cpp:94 could not resolve roboRIO-0-FRC.local address
Jan 11, 2018 11:43:10 AM edu.wpi.grip.core.operations.network.networktables.NTManager lambda$new$0
SEVERE: NetworkTables: TCPConnector.cpp:94 could not resolve roboRIO-0-FRC.local address
Jan 11, 2018 11:43:12 AM edu.wpi.grip.core.operations.network.networktables.NTManager lambda$new$0
SEVERE: NetworkTables: TCPConnector.cpp:94 could not resolve roboRIO-0-FRC.local address
Jan 11, 2018 11:43:15 AM edu.wpi.grip.core.operations.network.networktables.NTManager lambda$new$0
SEVERE: NetworkTables: TCPConnector.cpp:94 could not resolve roboRIO-0-FRC.local address
Jan 11, 2018 11:43:18 AM edu.wpi.grip.core.operations.network.networktables.NTManager lambda$new$0
SEVERE: NetworkTables: TCPConnector.cpp:94 could not resolve roboRIO-0-FRC.local address
Jan 11, 2018 11:43:20 AM edu.wpi.grip.core.operations.network.networktables.NTManager lambda$new$0
SEVERE: NetworkTables: TCPConnector.cpp:94 could not resolve roboRIO-0-FRC.local address
Jan 11, 2018 11:43:23 AM edu.wpi.grip.core.operations.network.networktables.NTManager lambda$new$0
SEVERE: NetworkTables: TCPConnector.cpp:94 could not resolve roboRIO-0-FRC.local address
Jan 11, 2018 11:43:25 AM edu.wpi.grip.core.operations.network.networktables.NTManager lambda$new$0
SEVERE: NetworkTables: TCPConnector.cpp:94 could not resolve roboRIO-0-FRC.local address
Jan 11, 2018 11:43:28 AM edu.wpi.grip.core.operations.network.networktables.NTManager lambda$new$0
SEVERE: NetworkTables: TCPConnector.cpp:94 could not resolve roboRIO-0-FRC.local address
Jan 11, 2018 11:43:30 AM edu.wpi.grip.core.operations.network.networktables.NTManager lambda$new$0
SEVERE: NetworkTables: TCPConnector.cpp:94 could not resolve roboRIO-0-FRC.local address
Jan 11, 2018 11:43:33 AM edu.wpi.grip.core.operations.network.networktables.NTManager lambda$new$0
SEVERE: NetworkTables: TCPConnector.cpp:94 could not resolve roboRIO-0-FRC.local address
Jan 11, 2018 11:43:36 AM edu.wpi.grip.core.operations.network.networktables.NTManager lambda$new$0
SEVERE: NetworkTables: TCPConnector.cpp:94 could not resolve roboRIO-0-FRC.local address
Jan 11, 2018 11:43:38 AM edu.wpi.grip.core.operations.network.networktables.NTManager lambda$new$0
SEVERE: NetworkTables: TCPConnector.cpp:94 could not resolve roboRIO-0-FRC.local address
Jan 11, 2018 11:43:41 AM edu.wpi.grip.core.operations.network.networktables.NTManager lambda$new$0
SEVERE: NetworkTables: TCPConnector.cpp:94 could not resolve roboRIO-0-FRC.local address
Jan 11, 2018 11:43:43 AM edu.wpi.grip.core.operations.network.networktables.NTManager lambda$new$0
SEVERE: NetworkTables: TCPConnector.cpp:94 could not resolve roboRIO-0-FRC.local address
Jan 11, 2018 11:43:46 AM edu.wpi.grip.core.operations.network.networktables.NTManager lambda$new$0
SEVERE: NetworkTables: TCPConnector.cpp:94 could not resolve roboRIO-0-FRC.local address
Jan 11, 2018 11:43:49 AM edu.wpi.grip.core.operations.network.networktables.NTManager lambda$new$0
SEVERE: NetworkTables: TCPConnector.cpp:94 could not resolve roboRIO-0-FRC.local address
Jan 11, 2018 11:43:51 AM edu.wpi.grip.core.operations.network.networktables.NTManager lambda$new$0
SEVERE: NetworkTables: TCPConnector.cpp:94 could not resolve roboRIO-0-FRC.local address
Jan 11, 2018 11:43:54 AM edu.wpi.grip.core.operations.network.networktables.NTManager lambda$new$0
SEVERE: NetworkTables: TCPConnector.cpp:94 could not resolve roboRIO-0-FRC.local address
Jan 11, 2018 11:43:56 AM edu.wpi.grip.core.operations.network.networktables.NTManager lambda$new$0
SEVERE: NetworkTables: TCPConnector.cpp:94 could not resolve roboRIO-0-FRC.local address
Jan 11, 2018 11:43:59 AM edu.wpi.grip.core.operations.network.networktables.NTManager lambda$new$0
SEVERE: NetworkTables: TCPConnector.cpp:94 could not resolve roboRIO-0-FRC.local address
Jan 11, 2018 11:44:02 AM edu.wpi.grip.core.operations.network.networktables.NTManager lambda$new$0
SEVERE: NetworkTables: TCPConnector.cpp:94 could not resolve roboRIO-0-FRC.local address
Jan 11, 2018 11:44:04 AM edu.wpi.grip.core.operations.network.networktables.NTManager lambda$new$0
SEVERE: NetworkTables: TCPConnector.cpp:94 could not resolve roboRIO-0-FRC.local address
Jan 11, 2018 11:44:07 AM edu.wpi.grip.core.operations.network.networktables.NTManager lambda$new$0
SEVERE: NetworkTables: TCPConnector.cpp:94 could not resolve roboRIO-0-FRC.local address
Jan 11, 2018 11:44:09 AM edu.wpi.grip.core.operations.network.networktables.NTManager lambda$new$0
SEVERE: NetworkTables: TCPConnector.cpp:94 could not resolve roboRIO-0-FRC.local address
Jan 11, 2018 11:44:12 AM edu.wpi.grip.core.operations.network.networktables.NTManager lambda$new$0
SEVERE: NetworkTables: TCPConnector.cpp:94 could not resolve roboRIO-0-FRC.local address
Jan 11, 2018 11:44:15 AM edu.wpi.grip.core.operations.network.networktables.NTManager lambda$new$0
SEVERE: NetworkTables: TCPConnector.cpp:94 could not resolve roboRIO-0-FRC.local address
Jan 11, 2018 11:44:17 AM edu.wpi.grip.core.operations.network.networktables.NTManager lambda$new$0
SEVERE: NetworkTables: TCPConnector.cpp:94 could not resolve roboRIO-0-FRC.local address
Jan 11, 2018 11:44:20 AM edu.wpi.grip.core.operations.network.networktables.NTManager lambda$new$0
SEVERE: NetworkTables: TCPConnector.cpp:94 could not resolve roboRIO-0-FRC.local address
Jan 11, 2018 11:44:22 AM edu.wpi.grip.core.operations.network.networktables.NTManager lambda$new$0
SEVERE: NetworkTables: TCPConnector.cpp:94 could not resolve roboRIO-0-FRC.local address
Jan 11, 2018 11:44:25 AM edu.wpi.grip.core.operations.network.networktables.NTManager lambda$new$0
SEVERE: NetworkTables: TCPConnector.cpp:94 could not resolve roboRIO-0-FRC.local address
Jan 11, 2018 11:44:28 AM edu.wpi.grip.core.operations.network.networktables.NTManager lambda$new$0
SEVERE: NetworkTables: TCPConnector.cpp:94 could not resolve roboRIO-0-FRC.local address
Jan 11, 2018 11:44:30 AM edu.wpi.grip.core.operations.network.networktables.NTManager lambda$new$0
SEVERE: NetworkTables: TCPConnector.cpp:94 could not resolve roboRIO-0-FRC.local address
Jan 11, 2018 11:44:33 AM edu.wpi.grip.core.operations.network.networktables.NTManager lambda$new$0
SEVERE: NetworkTables: TCPConnector.cpp:94 could not resolve roboRIO-0-FRC.local address
Jan 11, 2018 11:44:35 AM edu.wpi.grip.core.operations.network.networktables.NTManager lambda$new$0
SEVERE: NetworkTables: TCPConnector.cpp:94 could not resolve roboRIO-0-FRC.local address
Jan 11, 2018 11:44:38 AM edu.wpi.grip.core.operations.network.networktables.NTManager lambda$new$0
SEVERE: NetworkTables: TCPConnector.cpp:94 could not resolve roboRIO-0-FRC.local address
Jan 11, 2018 11:44:40 AM edu.wpi.grip.core.operations.network.networktables.NTManager lambda$new$0
SEVERE: NetworkTables: TCPConnector.cpp:94 could not resolve roboRIO-0-FRC.local address
Jan 11, 2018 11:44:43 AM edu.wpi.grip.core.operations.network.networktables.NTManager lambda$new$0
SEVERE: NetworkTables: TCPConnector.cpp:94 could not resolve roboRIO-0-FRC.local address
Jan 11, 2018 11:44:46 AM edu.wpi.grip.core.operations.network.networktables.NTManager lambda$new$0
SEVERE: NetworkTables: TCPConnector.cpp:94 could not resolve roboRIO-0-FRC.local address
Jan 11, 2018 11:44:48 AM edu.wpi.grip.core.operations.network.networktables.NTManager lambda$new$0
SEVERE: NetworkTables: TCPConnector.cpp:94 could not resolve roboRIO-0-FRC.local address
Jan 11, 2018 11:44:51 AM edu.wpi.grip.core.operations.network.networktables.NTManager lambda$new$0
SEVERE: NetworkTables: TCPConnector.cpp:94 could not resolve roboRIO-0-FRC.local address
Jan 11, 2018 11:44:53 AM edu.wpi.grip.core.operations.network.networktables.NTManager lambda$new$0
SEVERE: NetworkTables: TCPConnector.cpp:94 could not resolve roboRIO-0-FRC.local address
Jan 11, 2018 11:44:56 AM edu.wpi.grip.core.operations.network.networktables.NTManager lambda$new$0
SEVERE: NetworkTables: TCPConnector.cpp:94 could not resolve roboRIO-0-FRC.local address
Jan 11, 2018 11:44:59 AM edu.wpi.grip.core.operations.network.networktables.NTManager lambda$new$0
SEVERE: NetworkTables: TCPConnector.cpp:94 could not resolve roboRIO-0-FRC.local address
Jan 11, 2018 11:45:01 AM edu.wpi.grip.core.operations.network.networktables.NTManager lambda$new$0
SEVERE: NetworkTables: TCPConnector.cpp:94 could not resolve roboRIO-0-FRC.local address
Jan 11, 2018 11:45:04 AM edu.wpi.grip.core.operations.network.networktables.NTManager lambda$new$0
SEVERE: NetworkTables: TCPConnector.cpp:94 could not resolve roboRIO-0-FRC.local address
Jan 11, 2018 11:45:06 AM edu.wpi.grip.core.operations.network.networktables.NTManager lambda$new$0
SEVERE: NetworkTables: TCPConnector.cpp:94 could not resolve roboRIO-0-FRC.local address
Jan 11, 2018 11:45:09 AM edu.wpi.grip.core.operations.network.networktables.NTManager lambda$new$0
SEVERE: NetworkTables: TCPConnector.cpp:94 could not resolve roboRIO-0-FRC.local address
Jan 11, 2018 11:45:12 AM edu.wpi.grip.core.operations.network.networktables.NTManager lambda$new$0
SEVERE: NetworkTables: TCPConnector.cpp:94 could not resolve roboRIO-0-FRC.local address
Jan 11, 2018 11:45:14 AM edu.wpi.grip.core.operations.network.networktables.NTManager lambda$new$0
SEVERE: NetworkTables: TCPConnector.cpp:94 could not resolve roboRIO-0-FRC.local address
Jan 11, 2018 11:45:17 AM edu.wpi.grip.core.operations.network.networktables.NTManager lambda$new$0
SEVERE: NetworkTables: TCPConnector.cpp:94 could not resolve roboRIO-0-FRC.local address
Jan 11, 2018 11:45:19 AM edu.wpi.grip.core.operations.network.networktables.NTManager lambda$new$0
SEVERE: NetworkTables: TCPConnector.cpp:94 could not resolve roboRIO-0-FRC.local address
Jan 11, 2018 11:45:22 AM edu.wpi.grip.core.operations.network.networktables.NTManager lambda$new$0
SEVERE: NetworkTables: TCPConnector.cpp:94 could not resolve roboRIO-0-FRC.local address
Jan 11, 2018 11:45:25 AM edu.wpi.grip.core.operations.network.networktables.NTManager lambda$new$0
SEVERE: NetworkTables: TCPConnector.cpp:94 could not resolve roboRIO-0-FRC.local address
Jan 11, 2018 11:45:27 AM edu.wpi.grip.core.operations.network.networktables.NTManager lambda$new$0
SEVERE: NetworkTables: TCPConnector.cpp:94 could not resolve roboRIO-0-FRC.local address
Jan 11, 2018 11:45:30 AM edu.wpi.grip.core.operations.network.networktables.NTManager lambda$new$0
SEVERE: NetworkTables: TCPConnector.cpp:94 could not resolve roboRIO-0-FRC.local address
Jan 11, 2018 11:45:32 AM edu.wpi.grip.core.operations.network.networktables.NTManager lambda$new$0
SEVERE: NetworkTables: TCPConnector.cpp:94 could not resolve roboRIO-0-FRC.local address
Jan 11, 2018 11:45:35 AM edu.wpi.grip.core.operations.network.networktables.NTManager lambda$new$0
SEVERE: NetworkTables: TCPConnector.cpp:94 could not resolve roboRIO-0-FRC.local address
Jan 11, 2018 11:45:38 AM edu.wpi.grip.core.operations.network.networktables.NTManager lambda$new$0
SEVERE: NetworkTables: TCPConnector.cpp:94 could not resolve roboRIO-0-FRC.local address
Jan 11, 2018 11:45:40 AM edu.wpi.grip.core.operations.network.networktables.NTManager lambda$new$0
SEVERE: NetworkTables: TCPConnector.cpp:94 could not resolve roboRIO-0-FRC.local address
Jan 11, 2018 11:45:43 AM edu.wpi.grip.core.operations.network.networktables.NTManager lambda$new$0
SEVERE: NetworkTables: TCPConnector.cpp:94 could not resolve roboRIO-0-FRC.local address
Jan 11, 2018 11:45:46 AM edu.wpi.grip.core.operations.network.networktables.NTManager lambda$new$0
SEVERE: NetworkTables: TCPConnector.cpp:94 could not resolve roboRIO-0-FRC.local address
Jan 11, 2018 11:45:48 AM edu.wpi.grip.core.operations.network.networktables.NTManager lambda$new$0
SEVERE: NetworkTables: TCPConnector.cpp:94 could not resolve roboRIO-0-FRC.local address
Jan 11, 2018 11:45:51 AM edu.wpi.grip.core.operations.network.networktables.NTManager lambda$new$0
SEVERE: NetworkTables: TCPConnector.cpp:94 could not resolve roboRIO-0-FRC.local address
Jan 11, 2018 11:45:53 AM edu.wpi.grip.core.operations.network.networktables.NTManager lambda$new$0
SEVERE: NetworkTables: TCPConnector.cpp:94 could not resolve roboRIO-0-FRC.local address
Jan 11, 2018 11:45:56 AM edu.wpi.grip.core.operations.network.networktables.NTManager lambda$new$0
SEVERE: NetworkTables: TCPConnector.cpp:94 could not resolve roboRIO-0-FRC.local address
Jan 11, 2018 11:45:58 AM edu.wpi.grip.core.operations.network.networktables.NTManager lambda$new$0
SEVERE: NetworkTables: TCPConnector.cpp:94 could not resolve roboRIO-0-FRC.local address
Jan 11, 2018 11:46:01 AM edu.wpi.grip.core.operations.network.networktables.NTManager lambda$new$0
SEVERE: NetworkTables: TCPConnector.cpp:94 could not resolve roboRIO-0-FRC.local address
Jan 11, 2018 11:46:04 AM edu.wpi.grip.core.operations.network.networktables.NTManager lambda$new$0
SEVERE: NetworkTables: TCPConnector.cpp:94 could not resolve roboRIO-0-FRC.local address
Jan 11, 2018 11:46:06 AM edu.wpi.grip.core.operations.network.networktables.NTManager lambda$new$0
SEVERE: NetworkTables: TCPConnector.cpp:94 could not resolve roboRIO-0-FRC.local address
Jan 11, 2018 11:46:09 AM edu.wpi.grip.core.operations.network.networktables.NTManager lambda$new$0
SEVERE: NetworkTables: TCPConnector.cpp:94 could not resolve roboRIO-0-FRC.local address
Jan 11, 2018 11:46:11 AM edu.wpi.grip.core.operations.network.networktables.NTManager lambda$new$0
SEVERE: NetworkTables: TCPConnector.cpp:94 could not resolve roboRIO-0-FRC.local address
Jan 11, 2018 11:46:14 AM edu.wpi.grip.core.operations.network.networktables.NTManager lambda$new$0
SEVERE: NetworkTables: TCPConnector.cpp:94 could not resolve roboRIO-0-FRC.local address
Jan 11, 2018 11:46:17 AM edu.wpi.grip.core.operations.network.networktables.NTManager lambda$new$0
SEVERE: NetworkTables: TCPConnector.cpp:94 could not resolve roboRIO-0-FRC.local address
Jan 11, 2018 11:46:19 AM edu.wpi.grip.core.operations.network.networktables.NTManager lambda$new$0
SEVERE: NetworkTables: TCPConnector.cpp:94 could not resolve roboRIO-0-FRC.local address
Jan 11, 2018 11:46:22 AM edu.wpi.grip.core.operations.network.networktables.NTManager lambda$new$0
SEVERE: NetworkTables: TCPConnector.cpp:94 could not resolve roboRIO-0-FRC.local address
Jan 11, 2018 11:46:24 AM edu.wpi.grip.core.operations.network.networktables.NTManager lambda$new$0
SEVERE: NetworkTables: TCPConnector.cpp:94 could not resolve roboRIO-0-FRC.local address
Jan 11, 2018 11:46:27 AM edu.wpi.grip.core.operations.network.networktables.NTManager lambda$new$0
SEVERE: NetworkTables: TCPConnector.cpp:94 could not resolve roboRIO-0-FRC.local address
Jan 11, 2018 11:46:30 AM edu.wpi.grip.core.operations.network.networktables.NTManager lambda$new$0
SEVERE: NetworkTables: TCPConnector.cpp:94 could not resolve roboRIO-0-FRC.local address
Jan 11, 2018 11:46:32 AM edu.wpi.grip.core.operations.network.networktables.NTManager lambda$new$0
SEVERE: NetworkTables: TCPConnector.cpp:94 could not resolve roboRIO-0-FRC.local address
Jan 11, 2018 11:46:35 AM edu.wpi.grip.core.operations.network.networktables.NTManager lambda$new$0
SEVERE: NetworkTables: TCPConnector.cpp:94 could not resolve roboRIO-0-FRC.local address
Jan 11, 2018 11:46:37 AM edu.wpi.grip.core.operations.network.networktables.NTManager lambda$new$0
SEVERE: NetworkTables: TCPConnector.cpp:94 could not resolve roboRIO-0-FRC.local address
Jan 11, 2018 11:46:40 AM edu.wpi.grip.core.operations.network.networktables.NTManager lambda$new$0
SEVERE: NetworkTables: TCPConnector.cpp:94 could not resolve roboRIO-0-FRC.local address
Jan 11, 2018 11:46:43 AM edu.wpi.grip.core.operations.network.networktables.NTManager lambda$new$0
SEVERE: NetworkTables: TCPConnector.cpp:94 could not resolve roboRIO-0-FRC.local address
Jan 11, 2018 11:46:45 AM edu.wpi.grip.core.operations.network.networktables.NTManager lambda$new$0
SEVERE: NetworkTables: TCPConnector.cpp:94 could not resolve roboRIO-0-FRC.local address
Jan 11, 2018 11:46:48 AM edu.wpi.grip.core.operations.network.networktables.NTManager lambda$new$0
SEVERE: NetworkTables: TCPConnector.cpp:94 could not resolve roboRIO-0-FRC.local address
Jan 11, 2018 11:46:50 AM edu.wpi.grip.core.operations.network.networktables.NTManager lambda$new$0
SEVERE: NetworkTables: TCPConnector.cpp:94 could not resolve roboRIO-0-FRC.local address
Jan 11, 2018 11:46:53 AM edu.wpi.grip.core.operations.network.networktables.NTManager lambda$new$0
SEVERE: NetworkTables: TCPConnector.cpp:94 could not resolve roboRIO-0-FRC.local address
Jan 11, 2018 11:46:56 AM edu.wpi.grip.core.operations.network.networktables.NTManager lambda$new$0
SEVERE: NetworkTables: TCPConnector.cpp:94 could not resolve roboRIO-0-FRC.local address
Jan 11, 2018 11:46:58 AM edu.wpi.grip.core.operations.network.networktables.NTManager lambda$new$0
SEVERE: NetworkTables: TCPConnector.cpp:94 could not resolve roboRIO-0-FRC.local address
Jan 11, 2018 11:46:58 AM edu.wpi.grip.core.util.service.LoggingListener terminated
INFO: [PipelineRunner] Terminated from: STOPPING
Jan 11, 2018 11:46:58 AM edu.wpi.grip.core.util.SafeShutdown exit
INFO: Exiting GRIP
